<?xml version="1.0" encoding="UTF-8"?>
<testsuite xmlns:xsi="http://www.w3.org/2001/XMLSchema-instance" xsi:noNamespaceSchemaLocation="https://maven.apache.org/surefire/maven-surefire-plugin/xsd/surefire-test-report.xsd" name="com.springboot.DiabloDemo.DiabloDemoApplicationTests" time="1.267" tests="1" errors="1" skipped="0" failures="0">
  <properties>
[...]
</properties>
  <testcase name="com.springboot.DiabloDemo.DiabloDemoApplicationTests" classname="com.springboot.DiabloDemo.DiabloDemoApplicationTests" time="1.262">
    <error message="Unable to find a @SpringBootConfiguration, you need to use @ContextConfiguration or @SpringBootTest(classes=...) with your test" type="java.lang.IllegalStateException">java.lang.IllegalStateException: Unable to find a @SpringBootConfiguration, you need to use @ContextConfiguration or @SpringBootTest(classes=...) with your test
</error>
    <system-out><![CDATA[14:32:58.154 [main] DEBUG org.springframework.test.context.BootstrapUtils - Instantiating CacheAwareContextLoaderDelegate from class [org.springframework.test.context.cache.DefaultCacheAwareContextLoaderDelegate]
14:32:58.216 [main] DEBUG org.springframework.test.context.BootstrapUtils - Instantiating BootstrapContext using constructor [public org.springframework.test.context.support.DefaultBootstrapContext(java.lang.Class,org.springframework.test.context.CacheAwareContextLoaderDelegate)]
14:32:58.333 [main] DEBUG org.springframework.test.context.BootstrapUtils - Instantiating TestContextBootstrapper for test class [com.springboot.DiabloDemo.DiabloDemoApplicationTests] from class [org.springframework.boot.test.context.SpringBootTestContextBootstrapper]
14:32:58.415 [main] INFO org.springframework.boot.test.context.SpringBootTestContextBootstrapper - Neither @ContextConfiguration nor @ContextHierarchy found for test class [com.springboot.DiabloDemo.DiabloDemoApplicationTests], using SpringBootContextLoader
14:32:58.439 [main] DEBUG org.springframework.test.context.support.AbstractContextLoader - Did not detect default resource location for test class [com.springboot.DiabloDemo.DiabloDemoApplicationTests]: class path resource [com/springboot/DiabloDemo/DiabloDemoApplicationTests-context.xml] does not exist
14:32:58.455 [main] DEBUG org.springframework.test.context.support.AbstractContextLoader - Did not detect default resource location for test class [com.springboot.DiabloDemo.DiabloDemoApplicationTests]: class path resource [com/springboot/DiabloDemo/DiabloDemoApplicationTestsContext.groovy] does not exist
14:32:58.456 [main] INFO org.springframework.test.context.support.AbstractContextLoader - Could not detect default resource locations for test class [com.springboot.DiabloDemo.DiabloDemoApplicationTests]: no resource found for suffixes {-context.xml, Context.groovy}.
14:32:58.463 [main] INFO org.springframework.test.context.support.AnnotationConfigContextLoaderUtils - Could not detect default configuration classes for test class [com.springboot.DiabloDemo.DiabloDemoApplicationTests]: DiabloDemoApplicationTests does not declare any static, non-private, non-final, nested classes annotated with @Configuration.
14:32:58.651 [main] DEBUG org.springframework.test.context.support.ActiveProfilesUtils - Could not find an 'annotation declaring class' for annotation type [org.springframework.test.context.ActiveProfiles] and class [com.springboot.DiabloDemo.DiabloDemoApplicationTests]
14:32:58.945 [main] DEBUG org.springframework.test.context.BootstrapUtils - Instantiating CacheAwareContextLoaderDelegate from class [org.springframework.test.context.cache.DefaultCacheAwareContextLoaderDelegate]
14:32:58.946 [main] DEBUG org.springframework.test.context.BootstrapUtils - Instantiating BootstrapContext using constructor [public org.springframework.test.context.support.DefaultBootstrapContext(java.lang.Class,org.springframework.test.context.CacheAwareContextLoaderDelegate)]
14:32:58.955 [main] DEBUG org.springframework.test.context.BootstrapUtils - Instantiating TestContextBootstrapper for test class [com.springboot.DiabloDemo.DiabloDemoApplicationTests] from class [org.springframework.boot.test.context.SpringBootTestContextBootstrapper]
14:32:58.961 [main] INFO org.springframework.boot.test.context.SpringBootTestContextBootstrapper - Neither @ContextConfiguration nor @ContextHierarchy found for test class [com.springboot.DiabloDemo.DiabloDemoApplicationTests], using SpringBootContextLoader
14:32:58.969 [main] DEBUG org.springframework.test.context.support.AbstractContextLoader - Did not detect default resource location for test class [com.springboot.DiabloDemo.DiabloDemoApplicationTests]: class path resource [com/springboot/DiabloDemo/DiabloDemoApplicationTests-context.xml] does not exist
14:32:58.970 [main] DEBUG org.springframework.test.context.support.AbstractContextLoader - Did not detect default resource location for test class [com.springboot.DiabloDemo.DiabloDemoApplicationTests]: class path resource [com/springboot/DiabloDemo/DiabloDemoApplicationTestsContext.groovy] does not exist
14:32:58.971 [main] INFO org.springframework.test.context.support.AbstractContextLoader - Could not detect default resource locations for test class [com.springboot.DiabloDemo.DiabloDemoApplicationTests]: no resource found for suffixes {-context.xml, Context.groovy}.
14:32:58.972 [main] INFO org.springframework.test.context.support.AnnotationConfigContextLoaderUtils - Could not detect default configuration classes for test class [com.springboot.DiabloDemo.DiabloDemoApplicationTests]: DiabloDemoApplicationTests does not declare any static, non-private, non-final, nested classes annotated with @Configuration.
14:32:58.976 [main] DEBUG org.springframework.test.context.support.ActiveProfilesUtils - Could not find an 'annotation declaring class' for annotation type [org.springframework.test.context.ActiveProfiles] and class [com.springboot.DiabloDemo.DiabloDemoApplicationTests]
14:32:59.053 [main] DEBUG org.springframework.test.context.BootstrapUtils - Instantiating CacheAwareContextLoaderDelegate from class [org.springframework.test.context.cache.DefaultCacheAwareContextLoaderDelegate]
14:32:59.054 [main] DEBUG org.springframework.test.context.BootstrapUtils - Instantiating BootstrapContext using constructor [public org.springframework.test.context.support.DefaultBootstrapContext(java.lang.Class,org.springframework.test.context.CacheAwareContextLoaderDelegate)]
14:32:59.056 [main] DEBUG org.springframework.test.context.BootstrapUtils - Instantiating TestContextBootstrapper for test class [com.springboot.DiabloDemo.DiabloDemoApplicationTests] from class [org.springframework.boot.test.context.SpringBootTestContextBootstrapper]
14:32:59.060 [main] INFO org.springframework.boot.test.context.SpringBootTestContextBootstrapper - Neither @ContextConfiguration nor @ContextHierarchy found for test class [com.springboot.DiabloDemo.DiabloDemoApplicationTests], using SpringBootContextLoader
14:32:59.062 [main] DEBUG org.springframework.test.context.support.AbstractContextLoader - Did not detect default resource location for test class [com.springboot.DiabloDemo.DiabloDemoApplicationTests]: class path resource [com/springboot/DiabloDemo/DiabloDemoApplicationTests-context.xml] does not exist
14:32:59.065 [main] DEBUG org.springframework.test.context.support.AbstractContextLoader - Did not detect default resource location for test class [com.springboot.DiabloDemo.DiabloDemoApplicationTests]: class path resource [com/springboot/DiabloDemo/DiabloDemoApplicationTestsContext.groovy] does not exist
14:32:59.067 [main] INFO org.springframework.test.context.support.AbstractContextLoader - Could not detect default resource locations for test class [com.springboot.DiabloDemo.DiabloDemoApplicationTests]: no resource found for suffixes {-context.xml, Context.groovy}.
14:32:59.067 [main] INFO org.springframework.test.context.support.AnnotationConfigContextLoaderUtils - Could not detect default configuration classes for test class [com.springboot.DiabloDemo.DiabloDemoApplicationTests]: DiabloDemoApplicationTests does not declare any static, non-private, non-final, nested classes annotated with @Configuration.
14:32:59.073 [main] DEBUG org.springframework.test.context.support.ActiveProfilesUtils - Could not find an 'annotation declaring class' for annotation type [org.springframework.test.context.ActiveProfiles] and class [com.springboot.DiabloDemo.DiabloDemoApplicationTests]
]]></system-out>
  </testcase>
</testsuite>