-------------------------------------------------------------------------------
Test set: com.springboot.DiabloDemo.DiabloDemoApplicationTests
-------------------------------------------------------------------------------
Tests run: 1, Failures: 0, Errors: 1, Skipped: 0, Time elapsed: 1.267 s <<< FAILURE! - in com.springboot.DiabloDemo.DiabloDemoApplicationTests
com.springboot.DiabloDemo.DiabloDemoApplicationTests  Time elapsed: 1.262 s  <<< ERROR!
java.lang.IllegalStateException: Unable to find a @SpringBootConfiguration, you need to use @ContextConfiguration or @SpringBootTest(classes=...) with your test

